  animationSprite.cpp
  battleManager.cpp
C:\Users\Andreas\Desktop\Github project\Battle-Rounds\Assignment\battleManager.cpp(334,27): warning C4244: "=": Konvertierung von "int" in "float", möglicher Datenverlust
C:\Users\Andreas\Desktop\Github project\Battle-Rounds\Assignment\battleManager.cpp(349,27): warning C4244: "=": Konvertierung von "int" in "float", möglicher Datenverlust
C:\Users\Andreas\Desktop\Github project\Battle-Rounds\Assignment\battleManager.cpp(364,27): warning C4244: "=": Konvertierung von "int" in "float", möglicher Datenverlust
C:\Users\Andreas\Desktop\Github project\Battle-Rounds\Assignment\battleManager.cpp(379,27): warning C4244: "=": Konvertierung von "int" in "float", möglicher Datenverlust
  box.cpp
  button.cpp
  character.cpp
  charSelect.cpp
  gameObject.cpp
  healthBar.cpp
C:\Users\Andreas\Desktop\Github project\Battle-Rounds\Assignment\healthBar.cpp(21,18): warning C4244: "Initialisierung": Konvertierung von "int" in "float", möglicher Datenverlust
C:\Users\Andreas\Desktop\Github project\Battle-Rounds\Assignment\healthBar.cpp(22,14): warning C4244: "Initialisierung": Konvertierung von "int" in "float", möglicher Datenverlust
  hoverText.cpp
C:\Users\Andreas\Desktop\Github project\Battle-Rounds\Assignment\hoverText.cpp(29,60): warning C4244: "=": Konvertierung von "sf::Int32" in "float", möglicher Datenverlust
C:\Users\Andreas\Desktop\Github project\Battle-Rounds\Assignment\hoverText.cpp(32,106): warning C4244: "Argument": Konvertierung von "float" in "sf::Uint8", möglicher Datenverlust
C:\Users\Andreas\Desktop\Github project\Battle-Rounds\Assignment\hoverText.cpp(81,66): warning C4244: "Argument": Konvertierung von "float" in "sf::Uint8", möglicher Datenverlust
  main.cpp
  mainMenu.cpp
  scene.cpp
  sceneHandler.cpp
  scoreBoard.cpp
C:\Users\Andreas\Desktop\Github project\Battle-Rounds\Assignment\scoreBoard.cpp(54,15): warning C4267: "Initialisierung": Konvertierung von "size_t" nach "int", Datenverlust möglich
  scoreBoardObj.cpp
  spriteInfo.cpp
  spriteObject.cpp
  textObject.cpp
  Code wird generiert...
  Assignment.vcxproj -> C:\Users\Andreas\Desktop\Github project\Battle-Rounds\x64\Debug\Assignment.exe
